#
# There is insufficient memory for the Java Runtime Environment to continue.
# Native memory allocation (mmap) failed to map 532676608 bytes. Error detail: G1 virtual space
# Possible reasons:
#   The system is out of physical RAM or swap space
#   This process is running with CompressedOops enabled, and the Java Heap may be blocking the growth of the native heap
# Possible solutions:
#   Reduce memory load on the system
#   Increase physical memory or swap space
#   Check if swap backing store is full
#   Decrease Java heap size (-Xmx/-Xms)
#   Decrease number of Java threads
#   Decrease Java thread stack sizes (-Xss)
#   Set larger code cache with -XX:ReservedCodeCacheSize=
#   JVM is running with Zero Based Compressed Oops mode in which the Java heap is
#     placed in the first 32GB address space. The Java Heap base address is the
#     maximum limit for the native heap growth. Please use -XX:HeapBaseMinAddress
#     to set the Java Heap base and to place the Java Heap above 32GB virtual address.
# This output file may be truncated or incomplete.
#
#  Out of Memory Error (os_windows.cpp:3564), pid=28052, tid=65872
#
# JRE version:  (24.0+36) (build )
# Java VM: Java HotSpot(TM) 64-Bit Server VM (24+36-3646, mixed mode, sharing, tiered, compressed oops, compressed class ptrs, g1 gc, windows-amd64)
# No core dump will be written. Minidumps are not enabled by default on client versions of Windows
#

---------------  S U M M A R Y ------------

Command Line: -Dfile.encoding=UTF-8 --module-path=C:\Users\unwir\OneDrive\Desktop\GitHub\Proyecto1_Programacion2_JAVATICKET_Vasquez_Samuel\build\classes;C:\Users\unwir\OneDrive\Desktop\GitHub\Proyecto1_Programacion2_JAVATICKET_Vasquez_Samuel\lib\jcalendar-1.4.jar proyecto1_programacion2_javaticket_vasquez_samuel.EditarEvent

Host: 13th Gen Intel(R) Core(TM) i7-13620H, 16 cores, 31G,  Windows 11 , 64 bit Build 26100 (10.0.26100.4768)
Time: Sat Aug 16 23:59:21 2025 Central America Standard Time elapsed time: 0.010664 seconds (0d 0h 0m 0s)

---------------  T H R E A D  ---------------

Current thread (0x0000011f39950b40):  JavaThread "Unknown thread" [_thread_in_vm, id=65872, stack(0x000000089c900000,0x000000089ca00000) (1024K)]

Stack: [0x000000089c900000,0x000000089ca00000]
Native frames: (J=compiled Java code, j=interpreted, Vv=VM code, C=native code)
V  [jvm.dll+0x7308c9]  (no source info available)
V  [jvm.dll+0x8d9ca3]  (no source info available)
V  [jvm.dll+0x8dc13d]  (no source info available)
V  [jvm.dll+0x8dc7b3]  (no source info available)
V  [jvm.dll+0x2aa046]  (no source info available)
V  [jvm.dll+0x72cdf5]  (no source info available)
V  [jvm.dll+0x72091a]  (no source info available)
V  [jvm.dll+0x390d8a]  (no source info available)
V  [jvm.dll+0x398a96]  (no source info available)
V  [jvm.dll+0x3852de]  (no source info available)
V  [jvm.dll+0x385598]  (no source info available)
V  [jvm.dll+0x35d16c]  (no source info available)
V  [jvm.dll+0x35de2d]  (no source info available)
V  [jvm.dll+0x89d41f]  (no source info available)
V  [jvm.dll+0x3f98fd]  (no source info available)
V  [jvm.dll+0x885a76]  (no source info available)
V  [jvm.dll+0x49604e]  (no source info available)
V  [jvm.dll+0x497e21]  (no source info available)
C  [jli.dll+0x52a1]  (no source info available)
C  [ucrtbase.dll+0x37b0]  (no source info available)
C  [KERNEL32.DLL+0x2e8d7]  (no source info available)
C  [ntdll.dll+0x3c34c]  (no source info available)

Lock stack of current Java thread (top to bottom):


---------------  P R O C E S S  ---------------

Threads class SMR info:
_java_thread_list=0x00007ff8fd7bf318, length=0, elements={
}

Java Threads: ( => current thread )
Total: 0

Other Threads:
  0x0000011f3be718b0 WorkerThread "GC Thread#0"                     [id=60664, stack(0x000000089ca00000,0x000000089cb00000) (1024K)]
  0x0000011f3be873a0 ConcurrentGCThread "G1 Main Marker"            [id=47052, stack(0x000000089cb00000,0x000000089cc00000) (1024K)]
  0x0000011f3be87eb0 WorkerThread "G1 Conc#0"                       [id=57764, stack(0x000000089cc00000,0x000000089cd00000) (1024K)]

[error occurred during error reporting (printing all threads), id 0xc0000005, EXCEPTION_ACCESS_VIOLATION (0xc0000005) at pc=0x00007ff8fcef158a]
VM state: not at safepoint (not fully initialized)

VM Mutex/Monitor currently owned by a thread:  ([mutex/lock_event])
[0x00007ff8fd8445c0] Heap_lock - owner thread: 0x0000011f39950b40

Heap address: 0x0000000604800000, size: 8120 MB, Compressed Oops mode: Zero based, Oop shift amount: 3

CDS archive(s) mapped at: [0x0000000000000000-0x0000000000000000-0x0000000000000000), size 0, SharedBaseAddress: 0x0000000800000000, ArchiveRelocationMode: 1.
UseCompressedClassPointers 1, UseCompactObjectHeaders 0
Narrow klass pointer bits 32, Max shift 3
Narrow klass base: 0xffffffffffffffff, Narrow klass shift: -1
Encoding Range: [0xffffffffffffffff - 0x000000007fffffff), (2147483648 bytes)
Klass Range:    [0x0000000000000000 - 0x0000000000000000), (0 bytes)
Klass ID Range:  [4294967295 - 0) (1)

GC Precious Log:
 CardTable entry size: 512
 Card Set container configuration: InlinePtr #cards 4 size 8 Array Of Cards #cards 32 size 80 Howl #buckets 8 coarsen threshold 7372 Howl Bitmap #cards 1024 size 144 coarsen threshold 921 Card regions per heap region 1 cards per card region 8192

Heap:
 garbage-first heap   total reserved 8314880K, committed 0K, used 0K [0x0000000604800000, 0x0000000800000000)
  region size 4096K, 0 young (0K), 0 survivors (0K)

[error occurred during error reporting (printing heap information), id 0xc0000005, EXCEPTION_ACCESS_VIOLATION (0xc0000005) at pc=0x00007ff8fd30e579]
GC Heap History (0 events):
No events

Dll operation events (1 events):
Event: 0.007 Loaded shared library C:\Program Files\Java\jdk-24\bin\java.dll

Deoptimization events (0 events):
No events

Classes loaded (0 events):
No events

Classes unloaded (0 events):
No events

Classes redefined (0 events):
No events

Internal exceptions (0 events):
No events

VM Operations (0 events):
No events

Memory protections (0 events):
No events

Nmethod flushes (0 events):
No events

Events (0 events):
No events


Dynamic libraries:
0x00007ff7b87e0000 - 0x00007ff7b87f0000 	C:\Program Files\Java\jdk-24\bin\java.exe
0x00007ff983600000 - 0x00007ff983867000 	C:\WINDOWS\SYSTEM32\ntdll.dll
0x00007ff9829b0000 - 0x00007ff982a79000 	C:\WINDOWS\System32\KERNEL32.DLL
0x00007ff980bc0000 - 0x00007ff980fb0000 	C:\WINDOWS\System32\KERNELBASE.dll
0x00007ff980a70000 - 0x00007ff980bbb000 	C:\WINDOWS\System32\ucrtbase.dll
0x00007ff979790000 - 0x00007ff9797a6000 	C:\Program Files\Java\jdk-24\bin\jli.dll
0x00007ff8fcb60000 - 0x00007ff8fcb7b000 	C:\Program Files\Java\jdk-24\bin\VCRUNTIME140.dll
0x00007ff982a90000 - 0x00007ff982c55000 	C:\WINDOWS\System32\USER32.dll
0x00007ff9608c0000 - 0x00007ff960b5a000 	C:\WINDOWS\WinSxS\amd64_microsoft.windows.common-controls_6595b64144ccf1df_6.0.26100.4768_none_3e0c112ce331287c\COMCTL32.dll
0x00007ff980fc0000 - 0x00007ff980fe7000 	C:\WINDOWS\System32\win32u.dll
0x00007ff981f80000 - 0x00007ff982029000 	C:\WINDOWS\System32\msvcrt.dll
0x00007ff981bd0000 - 0x00007ff981bfb000 	C:\WINDOWS\System32\GDI32.dll
0x00007ff980930000 - 0x00007ff980a68000 	C:\WINDOWS\System32\gdi32full.dll
0x00007ff9807c0000 - 0x00007ff980863000 	C:\WINDOWS\System32\msvcp_win.dll
0x00007ff981390000 - 0x00007ff9813bf000 	C:\WINDOWS\System32\IMM32.DLL
0x00007ff9457b0000 - 0x00007ff9457bc000 	C:\Program Files\Java\jdk-24\bin\vcruntime140_1.dll
0x00007ff8fc040000 - 0x00007ff8fc0ce000 	C:\Program Files\Java\jdk-24\bin\msvcp140.dll
0x00007ff8fcb80000 - 0x00007ff8fd922000 	C:\Program Files\Java\jdk-24\bin\server\jvm.dll
0x00007ff9833e0000 - 0x00007ff983494000 	C:\WINDOWS\System32\ADVAPI32.dll
0x00007ff981880000 - 0x00007ff981926000 	C:\WINDOWS\System32\sechost.dll
0x00007ff9834a0000 - 0x00007ff9835b8000 	C:\WINDOWS\System32\RPCRT4.dll
0x00007ff981d10000 - 0x00007ff981d84000 	C:\WINDOWS\System32\WS2_32.dll
0x00007ff9805b0000 - 0x00007ff98060e000 	C:\WINDOWS\SYSTEM32\POWRPROF.dll
0x00007ff96d710000 - 0x00007ff96d745000 	C:\WINDOWS\SYSTEM32\WINMM.dll
0x00007ff97a780000 - 0x00007ff97a78b000 	C:\WINDOWS\SYSTEM32\VERSION.dll
0x00007ff980590000 - 0x00007ff9805a4000 	C:\WINDOWS\SYSTEM32\UMPDC.dll
0x00007ff97f490000 - 0x00007ff97f4ab000 	C:\WINDOWS\SYSTEM32\kernel.appcore.dll
0x00007ff945700000 - 0x00007ff94570a000 	C:\Program Files\Java\jdk-24\bin\jimage.dll
0x00007ff97d830000 - 0x00007ff97da71000 	C:\WINDOWS\SYSTEM32\DBGHELP.DLL
0x00007ff981460000 - 0x00007ff9817e5000 	C:\WINDOWS\System32\combase.dll
0x00007ff9828a0000 - 0x00007ff982980000 	C:\WINDOWS\System32\OLEAUT32.dll
0x00007ff958b70000 - 0x00007ff958bb3000 	C:\WINDOWS\SYSTEM32\dbgcore.DLL
0x00007ff9812f0000 - 0x00007ff981389000 	C:\WINDOWS\System32\bcryptPrimitives.dll
0x00007ff8fca90000 - 0x00007ff8fcaae000 	C:\Program Files\Java\jdk-24\bin\java.dll
0x00007ff981a20000 - 0x00007ff981bc0000 	C:\WINDOWS\System32\ole32.dll
0x00007ff9820a0000 - 0x00007ff9827ed000 	C:\WINDOWS\System32\SHELL32.dll
0x00007ff980ff0000 - 0x00007ff981163000 	C:\WINDOWS\System32\wintypes.dll

dbghelp: loaded successfully - version: 4.0.5 - missing functions: none
symbol engine: initialized successfully - sym options: 0x614 - pdb path: .;C:\Program Files\Java\jdk-24\bin;C:\WINDOWS\SYSTEM32;C:\WINDOWS\WinSxS\amd64_microsoft.windows.common-controls_6595b64144ccf1df_6.0.26100.4768_none_3e0c112ce331287c;C:\Program Files\Java\jdk-24\bin\server

VM Arguments:
jvm_args: -Dfile.encoding=UTF-8 --module-path=C:\Users\unwir\OneDrive\Desktop\GitHub\Proyecto1_Programacion2_JAVATICKET_Vasquez_Samuel\build\classes;C:\Users\unwir\OneDrive\Desktop\GitHub\Proyecto1_Programacion2_JAVATICKET_Vasquez_Samuel\lib\jcalendar-1.4.jar 
java_command: proyecto1_programacion2_javaticket_vasquez_samuel.EditarEvent
java_class_path (initial): C:\Users\unwir\OneDrive\Desktop\GitHub\Proyecto1_Programacion2_JAVATICKET_Vasquez_Samuel\lib\jcalendar-1.4.jar;C:\Users\unwir\OneDrive\Desktop\GitHub\Proyecto1_Programacion2_JAVATICKET_Vasquez_Samuel\build\classes
Launcher Type: SUN_STANDARD

[Global flags]
     intx CICompilerCount                          = 12                                        {product} {ergonomic}
     uint ConcGCThreads                            = 3                                         {product} {ergonomic}
     uint G1ConcRefinementThreads                  = 13                                        {product} {ergonomic}
   size_t G1HeapRegionSize                         = 4194304                                   {product} {ergonomic}
   size_t InitialHeapSize                          = 532676608                                 {product} {ergonomic}
   size_t MarkStackSize                            = 4194304                                   {product} {ergonomic}
   size_t MarkStackSizeMax                         = 536870912                                 {product} {ergonomic}
   size_t MaxHeapSize                              = 8514437120                                {product} {ergonomic}
   size_t MinHeapDeltaBytes                        = 4194304                                   {product} {ergonomic}
   size_t MinHeapSize                              = 8388608                                   {product} {ergonomic}
    uintx NonNMethodCodeHeapSize                   = 7602176                                {pd product} {ergonomic}
    uintx NonProfiledCodeHeapSize                  = 122093568                              {pd product} {ergonomic}
    uintx ProfiledCodeHeapSize                     = 121962496                              {pd product} {ergonomic}
    uintx ReservedCodeCacheSize                    = 251658240                              {pd product} {ergonomic}
     bool SegmentedCodeCache                       = true                                      {product} {ergonomic}
   size_t SoftMaxHeapSize                          = 8514437120                             {manageable} {ergonomic}
     bool UseCompressedOops                        = true                           {product lp64_product} {ergonomic}
     bool UseG1GC                                  = true                                      {product} {ergonomic}
     bool UseLargePagesIndividualAllocation        = false                                  {pd product} {ergonomic}

Logging:
Log output configuration:
 #0: stdout all=warning uptime,level,tags foldmultilines=false
 #1: stderr all=off uptime,level,tags foldmultilines=false

Environment Variables:
PATH=C:\Program Files\Common Files\Oracle\Java\javapath;C:\Windows\system32;C:\Windows;C:\Windows\System32\Wbem;C:\Windows\System32\WindowsPowerShell\v1.0\;C:\Windows\System32\OpenSSH\;C:\Program Files (x86)\NVIDIA Corporation\PhysX\Common;C:\Program Files\NVIDIA Corporation\NVIDIA NvDLISR;C:\Program Files (x86)\ZeroTier\One\;C:\WINDOWS\system32;C:\WINDOWS;C:\WINDOWS\System32\Wbem;C:\WINDOWS\System32\WindowsPowerShell\v1.0\;C:\WINDOWS\System32\OpenSSH\;C:\Program Files\Git\cmd;C:\Users\unwir\AppData\Local\Programs\Python\Python313\Scripts\;C:\Users\unwir\AppData\Local\Programs\Python\Python313\;C:\Users\unwir\AppData\Local\Microsoft\WindowsApps;C:\Users\unwir\AppData\Local\Programs\Microsoft VS Code\bin;C:\Users\unwir\AppData\Local\GitHubDesktop\bin;
USERNAME=unwir
OS=Windows_NT
PROCESSOR_IDENTIFIER=Intel64 Family 6 Model 186 Stepping 2, GenuineIntel
TMP=C:\Users\unwir\AppData\Local\Temp
TEMP=C:\Users\unwir\AppData\Local\Temp




Periodic native trim disabled

---------------  S Y S T E M  ---------------

OS:
 Windows 11 , 64 bit Build 26100 (10.0.26100.4768)
OS uptime: 3 days 22:06 hours
Hyper-V role detected

CPU: total 16 (initial active 16) (8 cores per cpu, 2 threads per core) family 6 model 186 stepping 2 microcode 0x5103, cx8, cmov, fxsr, ht, mmx, 3dnowpref, sse, sse2, sse3, ssse3, sse4.1, sse4.2, popcnt, lzcnt, tsc, tscinvbit, avx, avx2, aes, erms, clmul, bmi1, bmi2, adx, sha, fma, vzeroupper, clflush, clflushopt, clwb, hv, serialize, rdtscp, rdpid, fsrm, gfni, f16c, cet_ibt, cet_ss
Processor Information for the first 16 processors :
  Max Mhz: 2400, Current Mhz: 2400, Mhz Limit: 2400

Memory: 4k page, system-wide physical 32471M (13013M free)
TotalPageFile size 93247M (AvailPageFile size 206M)
current process WorkingSet (physical memory assigned to process): 14M, peak: 14M
current process commit charge ("private bytes"): 71M, peak: 579M

vm_info: Java HotSpot(TM) 64-Bit Server VM (24+36-3646) for windows-amd64 JRE (24+36-3646), built on 2025-02-06T00:20:43Z with MS VC++ 17.6 (VS2022)

END.
